<?xml version="1.0" encoding="UTF-8"?>
<testng-results skipped="0" failed="0" total="1" passed="1">
  <reporter-output>
  </reporter-output>
  <suite name="Suite" duration-ms="8354" started-at="2019-07-23T18:06:32Z" finished-at="2019-07-23T18:06:40Z">
    <groups>
    </groups>
    <test name="Test" duration-ms="8354" started-at="2019-07-23T18:06:32Z" finished-at="2019-07-23T18:06:40Z">
      <class name="Demo1">
        <test-method status="PASS" signature="openGoogleApp()[pri:0, instance:Demo1@198e2867]" name="openGoogleApp" duration-ms="8330" started-at="2019-07-23T23:36:32Z" finished-at="2019-07-23T23:36:40Z">
          <reporter-output>
          </reporter-output>
        </test-method> <!-- openGoogleApp -->
      </class> <!-- Demo1 -->
    </test> <!-- Test -->
  </suite> <!-- Suite -->
</testng-results>
